1537755779789	geckodriver	INFO	geckodriver 0.19.1
1537755779872	geckodriver	INFO	Listening on 127.0.0.1:51095
1537755782204	mozrunner::runner	INFO	Running command: "/Applications/Firefox.app/Contents/MacOS/firefox-bin" "-marionette" "-profile" "/var/folders/hx/m1lfncy532xblb05m2zj5ywh0000gn/T/rust_mozprofile.fhnzMgB0iYLp"
1537755782604	addons.manager	DEBUG	Application has been upgraded
1537755782672	addons.manager	DEBUG	Loaded provider scope for resource://gre/modules/addons/XPIProvider.jsm: ["XPIProvider"]
1537755782675	addons.manager	DEBUG	Loaded provider scope for resource://gre/modules/LightweightThemeManager.jsm: ["LightweightThemeManager"]
1537755782682	addons.manager	DEBUG	Loaded provider scope for resource://gre/modules/addons/GMPProvider.jsm
1537755782686	addons.manager	DEBUG	Loaded provider scope for resource://gre/modules/addons/PluginProvider.jsm
1537755782687	addons.manager	DEBUG	Starting provider: XPIProvider
1537755782687	addons.xpi	DEBUG	startup
1537755782688	addons.xpi	INFO	SystemAddonInstallLocation directory is missing
1537755782689	addons.xpi	INFO	Mapping webcompat@mozilla.org to /Applications/Firefox.app/Contents/Resources/browser/features/webcompat@mozilla.org.xpi
1537755782689	addons.xpi	INFO	Mapping firefox@getpocket.com to /Applications/Firefox.app/Contents/Resources/browser/features/firefox@getpocket.com.xpi
1537755782689	addons.xpi	INFO	Mapping aushelper@mozilla.org to /Applications/Firefox.app/Contents/Resources/browser/features/aushelper@mozilla.org.xpi
1537755782690	addons.xpi	INFO	Mapping deployment-checker@mozilla.org to /Applications/Firefox.app/Contents/Resources/browser/features/deployment-checker@mozilla.org.xpi
1537755782690	addons.xpi	INFO	Mapping e10srollout@mozilla.org to /Applications/Firefox.app/Contents/Resources/browser/features/e10srollout@mozilla.org.xpi
1537755782691	addons.xpi	INFO	Mapping {972ce4c6-7e08-4474-a285-3208198ce6fd} to /Applications/Firefox.app/Contents/Resources/browser/extensions/{972ce4c6-7e08-4474-a285-3208198ce6fd}.xpi
1537755782691	addons.xpi	DEBUG	checkForChanges
1537755782691	addons.xpi	INFO	SystemAddonInstallLocation directory is missing
1537755782692	addons.xpi	DEBUG	Loaded add-on state from prefs: {}
1537755782693	addons.xpi	DEBUG	New add-on webcompat@mozilla.org in app-system-defaults
1537755782693	addons.xpi	DEBUG	getModTime: Recursive scan of webcompat@mozilla.org
1537755782694	addons.xpi	DEBUG	New add-on firefox@getpocket.com in app-system-defaults
1537755782694	addons.xpi	DEBUG	getModTime: Recursive scan of firefox@getpocket.com
1537755782695	addons.xpi	DEBUG	New add-on aushelper@mozilla.org in app-system-defaults
1537755782695	addons.xpi	DEBUG	getModTime: Recursive scan of aushelper@mozilla.org
1537755782695	addons.xpi	DEBUG	New add-on deployment-checker@mozilla.org in app-system-defaults
1537755782695	addons.xpi	DEBUG	getModTime: Recursive scan of deployment-checker@mozilla.org
1537755782696	addons.xpi	DEBUG	New add-on e10srollout@mozilla.org in app-system-defaults
1537755782696	addons.xpi	DEBUG	getModTime: Recursive scan of e10srollout@mozilla.org
1537755782696	addons.xpi	DEBUG	New add-on {972ce4c6-7e08-4474-a285-3208198ce6fd} in app-global
1537755782696	addons.xpi	DEBUG	getModTime: Recursive scan of {972ce4c6-7e08-4474-a285-3208198ce6fd}
1537755782697	addons.xpi	DEBUG	getInstallState changed: true, state: {"app-system-defaults":{"webcompat@mozilla.org":{"d":"/Applications/Firefox.app/Contents/Resources/browser/features/webcompat@mozilla.org.xpi","st":1492342407000},"firefox@getpocket.com":{"d":"/Applications/Firefox.app/Contents/Resources/browser/features/firefox@getpocket.com.xpi","st":1492342407000},"aushelper@mozilla.org":{"d":"/Applications/Firefox.app/Contents/Resources/browser/features/aushelper@mozilla.org.xpi","st":1492342407000},"deployment-checker@mozilla.org":{"d":"/Applications/Firefox.app/Contents/Resources/browser/features/deployment-checker@mozilla.org.xpi","st":1492342407000},"e10srollout@mozilla.org":{"d":"/Applications/Firefox.app/Contents/Resources/browser/features/e10srollout@mozilla.org.xpi","st":1492342407000}},"app-global":{"{972ce4c6-7e08-4474-a285-3208198ce6fd}":{"d":"/Applications/Firefox.app/Contents/Resources/browser/extensions/{972ce4c6-7e08-4474-a285-3208198ce6fd}.xpi","st":1492342407000}}}
1537755782703	addons.xpi-utils	DEBUG	Opening XPI database /var/folders/hx/m1lfncy532xblb05m2zj5ywh0000gn/T/rust_mozprofile.fhnzMgB0iYLp/extensions.json
1537755782704	addons.xpi-utils	DEBUG	New add-on webcompat@mozilla.org installed in app-system-defaults
*** Blocklist::_loadBlocklistFromFile: blocklist is disabled
1537755782715	DeferredSave.extensions.json	DEBUG	Save changes
1537755782715	addons.xpi-utils	DEBUG	New add-on firefox@getpocket.com installed in app-system-defaults
1537755782720	DeferredSave.extensions.json	DEBUG	Starting timer
1537755782723	DeferredSave.extensions.json	DEBUG	Save changes
1537755782723	addons.xpi-utils	DEBUG	New add-on aushelper@mozilla.org installed in app-system-defaults
1537755782728	DeferredSave.extensions.json	DEBUG	Save changes
1537755782728	addons.xpi-utils	DEBUG	New add-on deployment-checker@mozilla.org installed in app-system-defaults
1537755782732	DeferredSave.extensions.json	DEBUG	Save changes
1537755782733	addons.xpi-utils	DEBUG	New add-on e10srollout@mozilla.org installed in app-system-defaults
1537755782736	DeferredSave.extensions.json	DEBUG	Save changes
1537755782737	addons.xpi-utils	DEBUG	New add-on {972ce4c6-7e08-4474-a285-3208198ce6fd} installed in app-global
1537755782741	DeferredSave.extensions.json	DEBUG	Save changes
1537755782742	addons.manager	DEBUG	Registering startup change 'installed' for webcompat@mozilla.org
1537755782754	addons.xpi	DEBUG	Loading bootstrap scope from /Applications/Firefox.app/Contents/Resources/browser/features/webcompat@mozilla.org.xpi
1537755782759	addons.xpi	DEBUG	Calling bootstrap method install on webcompat@mozilla.org version 1.0
1537755782759	addons.xpi-utils	DEBUG	Make addon app-system-defaults:webcompat@mozilla.org visible
1537755782760	DeferredSave.extensions.json	DEBUG	Save changes
1537755782760	addons.manager	DEBUG	Registering startup change 'installed' for firefox@getpocket.com
1537755782761	addons.xpi	DEBUG	Loading bootstrap scope from /Applications/Firefox.app/Contents/Resources/browser/features/firefox@getpocket.com.xpi
1537755782764	addons.xpi	DEBUG	Calling bootstrap method install on firefox@getpocket.com version 1.0.5
1537755782764	addons.xpi-utils	DEBUG	Make addon app-system-defaults:firefox@getpocket.com visible
1537755782764	DeferredSave.extensions.json	DEBUG	Save changes
1537755782764	addons.manager	DEBUG	Registering startup change 'installed' for aushelper@mozilla.org
1537755782765	addons.xpi	DEBUG	Loading bootstrap scope from /Applications/Firefox.app/Contents/Resources/browser/features/aushelper@mozilla.org.xpi
1537755782766	addons.xpi	DEBUG	Calling bootstrap method install on aushelper@mozilla.org version 2.0
1537755782767	addons.xpi-utils	DEBUG	Make addon app-system-defaults:aushelper@mozilla.org visible
1537755782767	DeferredSave.extensions.json	DEBUG	Save changes
1537755782767	addons.manager	DEBUG	Registering startup change 'installed' for deployment-checker@mozilla.org
1537755782767	addons.xpi	DEBUG	Loading bootstrap scope from /Applications/Firefox.app/Contents/Resources/browser/features/deployment-checker@mozilla.org.xpi
1537755782772	addons.xpi	DEBUG	Calling bootstrap method install on deployment-checker@mozilla.org version 1.0
1537755782772	addons.xpi-utils	DEBUG	Make addon app-system-defaults:deployment-checker@mozilla.org visible
1537755782772	DeferredSave.extensions.json	DEBUG	Save changes
1537755782772	addons.manager	DEBUG	Registering startup change 'installed' for e10srollout@mozilla.org
1537755782773	addons.xpi	DEBUG	Loading bootstrap scope from /Applications/Firefox.app/Contents/Resources/browser/features/e10srollout@mozilla.org.xpi
1537755782775	addons.xpi	DEBUG	Calling bootstrap method install on e10srollout@mozilla.org version 1.9
1537755782776	addons.xpi-utils	DEBUG	Make addon app-system-defaults:e10srollout@mozilla.org visible
1537755782776	DeferredSave.extensions.json	DEBUG	Save changes
1537755782776	addons.xpi-utils	DEBUG	Make addon app-global:{972ce4c6-7e08-4474-a285-3208198ce6fd} visible
1537755782777	DeferredSave.extensions.json	DEBUG	Save changes
1537755782777	addons.xpi	DEBUG	Updating XPIState for {"id":"webcompat@mozilla.org","syncGUID":"{2682b026-c765-d642-8a18-d4efdd97320c}","location":"app-system-defaults","version":"1.0","type":"extension","internalName":null,"updateURL":null,"updateKey":null,"optionsURL":null,"optionsType":null,"aboutURL":null,"icons":{},"iconURL":null,"icon64URL":null,"defaultLocale":{"name":"Web Compat","description":"Urgent post-release fixes for web compatibility.","creator":null,"homepageURL":null},"visible":true,"active":true,"userDisabled":false,"appDisabled":false,"descriptor":"/Applications/Firefox.app/Contents/Resources/browser/features/webcompat@mozilla.org.xpi","installDate":1492342407000,"updateDate":1492342407000,"applyBackgroundUpdates":1,"bootstrap":true,"skinnable":false,"size":1456,"sourceURI":null,"releaseNotesURI":null,"softDisabled":false,"foreignInstall":false,"hasBinaryComponents":false,"strictCompatibility":false,"locales":[],"targetApplications":[{"id":"{ec8030f7-c20a-464f-9b0e-13a3a9e97384}","minVersion":"52.0.2","maxVersion":"52.*"}],"targetPlatforms":[],"multiprocessCompatible":true,"seen":true,"dependencies":[],"hasEmbeddedWebExtension":false,"mpcOptedOut":false}
1537755782777	addons.xpi	DEBUG	getModTime: Recursive scan of webcompat@mozilla.org
1537755782777	addons.xpi	DEBUG	Updating XPIState for {"id":"firefox@getpocket.com","syncGUID":"{416825dd-3602-744e-aef9-98e551449ac3}","location":"app-system-defaults","version":"1.0.5","type":"extension","internalName":null,"updateURL":null,"updateKey":null,"optionsURL":null,"optionsType":null,"aboutURL":null,"icons":{},"iconURL":null,"icon64URL":null,"defaultLocale":{"name":"Pocket","description":"When you find something you want to view later, put it in Pocket.","creator":null,"homepageURL":null},"visible":true,"active":true,"userDisabled":false,"appDisabled":false,"descriptor":"/Applications/Firefox.app/Contents/Resources/browser/features/firefox@getpocket.com.xpi","installDate":1492342407000,"updateDate":1492342407000,"applyBackgroundUpdates":1,"bootstrap":true,"skinnable":false,"size":920281,"sourceURI":null,"releaseNotesURI":null,"softDisabled":false,"foreignInstall":false,"hasBinaryComponents":false,"strictCompatibility":false,"locales":[],"targetApplications":[{"id":"{ec8030f7-c20a-464f-9b0e-13a3a9e97384}","minVersion":"52.0.2","maxVersion":"52.*"}],"targetPlatforms":[],"multiprocessCompatible":true,"seen":true,"dependencies":[],"hasEmbeddedWebExtension":false,"mpcOptedOut":false}
1537755782778	addons.xpi	DEBUG	getModTime: Recursive scan of firefox@getpocket.com
1537755782778	addons.xpi	DEBUG	Updating XPIState for {"id":"aushelper@mozilla.org","syncGUID":"{4f3a83c7-57b2-654d-b5f0-575793e8f197}","location":"app-system-defaults","version":"2.0","type":"extension","internalName":null,"updateURL":null,"updateKey":null,"optionsURL":null,"optionsType":null,"aboutURL":null,"icons":{},"iconURL":null,"icon64URL":null,"defaultLocale":{"name":"Application Update Service Helper","description":"Sets value(s) in the update url based on custom checks.","creator":null,"homepageURL":null},"visible":true,"active":true,"userDisabled":false,"appDisabled":false,"descriptor":"/Applications/Firefox.app/Contents/Resources/browser/features/aushelper@mozilla.org.xpi","installDate":1492342407000,"updateDate":1492342407000,"applyBackgroundUpdates":1,"bootstrap":true,"skinnable":false,"size":8488,"sourceURI":null,"releaseNotesURI":null,"softDisabled":false,"foreignInstall":false,"hasBinaryComponents":false,"strictCompatibility":false,"locales":[],"targetApplications":[{"id":"{ec8030f7-c20a-464f-9b0e-13a3a9e97384}","minVersion":"52.0.2","maxVersion":"52.*"}],"targetPlatforms":[],"multiprocessCompatible":true,"seen":true,"dependencies":[],"hasEmbeddedWebExtension":false,"mpcOptedOut":false}
1537755782778	addons.xpi	DEBUG	getModTime: Recursive scan of aushelper@mozilla.org
1537755782778	addons.xpi	DEBUG	Updating XPIState for {"id":"deployment-checker@mozilla.org","syncGUID":"{d8f6fc38-baaa-8442-b735-6460c9eaf74a}","location":"app-system-defaults","version":"1.0","type":"extension","internalName":null,"updateURL":null,"updateKey":null,"optionsURL":null,"optionsType":null,"aboutURL":null,"icons":{},"iconURL":null,"icon64URL":null,"defaultLocale":{"name":"Site Deployment Checker","description":"Check that Users Encounter Mozilla Sites as Deployed by Mozilla","creator":null,"homepageURL":null},"visible":true,"active":true,"userDisabled":false,"appDisabled":false,"descriptor":"/Applications/Firefox.app/Contents/Resources/browser/features/deployment-checker@mozilla.org.xpi","installDate":1492342407000,"updateDate":1492342407000,"applyBackgroundUpdates":1,"bootstrap":true,"skinnable":false,"size":11555,"sourceURI":null,"releaseNotesURI":null,"softDisabled":false,"foreignInstall":false,"hasBinaryComponents":false,"strictCompatibility":false,"locales":[],"targetApplications":[{"id":"{ec8030f7-c20a-464f-9b0e-13a3a9e97384}","minVersion":"52.0.2","maxVersion":"52.*"}],"targetPlatforms":[],"multiprocessCompatible":true,"seen":true,"dependencies":[],"hasEmbeddedWebExtension":false,"mpcOptedOut":false}
1537755782778	addons.xpi	DEBUG	getModTime: Recursive scan of deployment-checker@mozilla.org
1537755782779	addons.xpi	DEBUG	Updating XPIState for {"id":"e10srollout@mozilla.org","syncGUID":"{6ce1dea2-1226-184c-a76d-2c05bcafd2ef}","location":"app-system-defaults","version":"1.9","type":"extension","internalName":null,"updateURL":null,"updateKey":null,"optionsURL":null,"optionsType":null,"aboutURL":null,"icons":{},"iconURL":null,"icon64URL":null,"defaultLocale":{"name":"Multi-process staged rollout","description":"Staged rollout of Firefox multi-process feature.","creator":null,"homepageURL":null},"visible":true,"active":true,"userDisabled":false,"appDisabled":false,"descriptor":"/Applications/Firefox.app/Contents/Resources/browser/features/e10srollout@mozilla.org.xpi","installDate":1492342407000,"updateDate":1492342407000,"applyBackgroundUpdates":1,"bootstrap":true,"skinnable":false,"size":7183,"sourceURI":null,"releaseNotesURI":null,"softDisabled":false,"foreignInstall":false,"hasBinaryComponents":false,"strictCompatibility":false,"locales":[],"targetApplications":[{"id":"{ec8030f7-c20a-464f-9b0e-13a3a9e97384}","minVersion":"52.0.2","maxVersion":"52.*"}],"targetPlatforms":[],"multiprocessCompatible":true,"seen":true,"dependencies":[],"hasEmbeddedWebExtension":false,"mpcOptedOut":false}
1537755782779	addons.xpi	DEBUG	getModTime: Recursive scan of e10srollout@mozilla.org
1537755782779	addons.xpi	DEBUG	Updating XPIState for {"id":"{972ce4c6-7e08-4474-a285-3208198ce6fd}","syncGUID":"{1349a289-db37-bf41-8127-4258677891de}","location":"app-global","version":"52.0.2","type":"theme","internalName":"classic/1.0","updateURL":null,"updateKey":null,"optionsURL":null,"optionsType":null,"aboutURL":null,"icons":{"32":"icon.png","48":"icon.png"},"iconURL":null,"icon64URL":null,"defaultLocale":{"name":"Default","description":"The default theme.","creator":"Mozilla","homepageURL":null,"contributors":["Mozilla Contributors"]},"visible":true,"active":true,"userDisabled":false,"appDisabled":false,"descriptor":"/Applications/Firefox.app/Contents/Resources/browser/extensions/{972ce4c6-7e08-4474-a285-3208198ce6fd}.xpi","installDate":1492342407000,"updateDate":1492342407000,"applyBackgroundUpdates":1,"skinnable":true,"size":6352,"sourceURI":null,"releaseNotesURI":null,"softDisabled":false,"foreignInstall":false,"hasBinaryComponents":false,"strictCompatibility":true,"locales":[],"targetApplications":[{"id":"{ec8030f7-c20a-464f-9b0e-13a3a9e97384}","minVersion":"52.0.2","maxVersion":"52.0.2"}],"targetPlatforms":[],"seen":true,"dependencies":[],"hasEmbeddedWebExtension":false}
1537755782779	addons.xpi	DEBUG	getModTime: Recursive scan of {972ce4c6-7e08-4474-a285-3208198ce6fd}
1537755782780	DeferredSave.extensions.json	DEBUG	Save changes
1537755782780	addons.xpi	DEBUG	Updating database with changes to installed add-ons
1537755782780	addons.xpi-utils	DEBUG	Updating add-on states
1537755782781	addons.xpi-utils	DEBUG	Writing add-ons list
1537755782782	addons.xpi	DEBUG	Registering manifest for /Applications/Firefox.app/Contents/Resources/browser/features/aushelper@mozilla.org.xpi
1537755782782	addons.xpi	DEBUG	Calling bootstrap method startup on aushelper@mozilla.org version 2.0
1537755782783	addons.xpi	DEBUG	Registering manifest for /Applications/Firefox.app/Contents/Resources/browser/features/deployment-checker@mozilla.org.xpi
1537755782783	addons.xpi	DEBUG	Calling bootstrap method startup on deployment-checker@mozilla.org version 1.0
1537755782784	addons.xpi	DEBUG	Registering manifest for /Applications/Firefox.app/Contents/Resources/browser/features/e10srollout@mozilla.org.xpi
1537755782784	addons.xpi	DEBUG	Calling bootstrap method startup on e10srollout@mozilla.org version 1.9
1537755782784	addons.xpi	DEBUG	Registering manifest for /Applications/Firefox.app/Contents/Resources/browser/features/firefox@getpocket.com.xpi
1537755782785	addons.xpi	DEBUG	Calling bootstrap method startup on firefox@getpocket.com version 1.0.5
1537755782786	addons.xpi	DEBUG	Registering manifest for /Applications/Firefox.app/Contents/Resources/browser/features/webcompat@mozilla.org.xpi
1537755782786	addons.xpi	DEBUG	Calling bootstrap method startup on webcompat@mozilla.org version 1.0
1537755782789	addons.manager	DEBUG	Registering shutdown blocker for XPIProvider
1537755782790	addons.manager	DEBUG	Provider finished startup: XPIProvider
1537755782790	addons.manager	DEBUG	Starting provider: LightweightThemeManager
1537755782790	addons.manager	DEBUG	Registering shutdown blocker for LightweightThemeManager
1537755782791	addons.manager	DEBUG	Provider finished startup: LightweightThemeManager
1537755782791	addons.manager	DEBUG	Starting provider: GMPProvider
1537755782799	addons.manager	DEBUG	Registering shutdown blocker for GMPProvider
1537755782799	addons.manager	DEBUG	Provider finished startup: GMPProvider
1537755782799	addons.manager	DEBUG	Starting provider: PluginProvider
1537755782800	addons.manager	DEBUG	Registering shutdown blocker for PluginProvider
1537755782800	addons.manager	DEBUG	Provider finished startup: PluginProvider
1537755782800	addons.manager	DEBUG	Completed startup sequence
1537755783202	Marionette	INFO	Listening on port 2828
1537755783258	addons.manager	DEBUG	Starting provider: <unnamed-provider>
1537755783258	addons.manager	DEBUG	Registering shutdown blocker for <unnamed-provider>
1537755783258	addons.manager	DEBUG	Provider finished startup: <unnamed-provider>
1537755783303	addons.manager	DEBUG	Starting provider: PreviousExperimentProvider
1537755783303	addons.manager	DEBUG	Registering shutdown blocker for PreviousExperimentProvider
1537755783303	addons.manager	DEBUG	Provider finished startup: PreviousExperimentProvider
1537755783306	DeferredSave.extensions.json	DEBUG	Starting write
1537755783424	DeferredSave.extensions.json	DEBUG	Write succeeded
1537755783425	addons.xpi-utils	DEBUG	XPI Database saved, setting schema version preference to 19
2018-09-24 09:23:04.607 plugin-container[1589:24638] *** CFMessagePort: bootstrap_register(): failed 1100 (0x44c) 'Permission denied', port = 0x6f3b, name = 'com.apple.tsm.portname'
See /usr/include/servers/bootstrap_defs.h for the error codes.
1537755809655	addons.xpi	DEBUG	Calling bootstrap method shutdown on webcompat@mozilla.org version 1.0
1537755809655	addons.xpi	DEBUG	Calling bootstrap method shutdown on firefox@getpocket.com version 1.0.5
1537755809656	addons.xpi	DEBUG	Calling bootstrap method shutdown on e10srollout@mozilla.org version 1.9
1537755809657	addons.xpi	DEBUG	Calling bootstrap method shutdown on deployment-checker@mozilla.org version 1.0
1537755809657	addons.xpi	DEBUG	Calling bootstrap method shutdown on aushelper@mozilla.org version 2.0
1537755809865	addons.manager	DEBUG	shutdown
1537755809866	addons.manager	DEBUG	Calling shutdown blocker for XPIProvider
1537755809866	addons.xpi	DEBUG	shutdown
1537755809866	addons.xpi-utils	DEBUG	shutdown
1537755809867	addons.manager	DEBUG	Calling shutdown blocker for LightweightThemeManager
1537755809867	addons.manager	DEBUG	Calling shutdown blocker for GMPProvider
1537755809870	addons.manager	DEBUG	Calling shutdown blocker for PluginProvider
1537755809870	addons.manager	DEBUG	Calling shutdown blocker for <unnamed-provider>
1537755809872	addons.manager	DEBUG	Calling shutdown blocker for PreviousExperimentProvider
1537755809874	addons.xpi	DEBUG	Notifying XPI shutdown observers
1537755809878	addons.manager	DEBUG	Async provider shutdown done
1537755857646	geckodriver	INFO	geckodriver 0.19.1
1537755857712	geckodriver	INFO	Listening on 127.0.0.1:51166
1537755859759	mozrunner::runner	INFO	Running command: "/Applications/Firefox.app/Contents/MacOS/firefox-bin" "-marionette" "-profile" "/var/folders/hx/m1lfncy532xblb05m2zj5ywh0000gn/T/rust_mozprofile.t8c4Z6IQ2XdN"
1537755859983	addons.manager	DEBUG	Application has been upgraded
1537755860018	addons.manager	DEBUG	Loaded provider scope for resource://gre/modules/addons/XPIProvider.jsm: ["XPIProvider"]
1537755860021	addons.manager	DEBUG	Loaded provider scope for resource://gre/modules/LightweightThemeManager.jsm: ["LightweightThemeManager"]
1537755860026	addons.manager	DEBUG	Loaded provider scope for resource://gre/modules/addons/GMPProvider.jsm
1537755860029	addons.manager	DEBUG	Loaded provider scope for resource://gre/modules/addons/PluginProvider.jsm
1537755860029	addons.manager	DEBUG	Starting provider: XPIProvider
1537755860030	addons.xpi	DEBUG	startup
1537755860030	addons.xpi	INFO	SystemAddonInstallLocation directory is missing
1537755860031	addons.xpi	INFO	Mapping webcompat@mozilla.org to /Applications/Firefox.app/Contents/Resources/browser/features/webcompat@mozilla.org.xpi
1537755860031	addons.xpi	INFO	Mapping firefox@getpocket.com to /Applications/Firefox.app/Contents/Resources/browser/features/firefox@getpocket.com.xpi
1537755860031	addons.xpi	INFO	Mapping aushelper@mozilla.org to /Applications/Firefox.app/Contents/Resources/browser/features/aushelper@mozilla.org.xpi
1537755860032	addons.xpi	INFO	Mapping deployment-checker@mozilla.org to /Applications/Firefox.app/Contents/Resources/browser/features/deployment-checker@mozilla.org.xpi
1537755860032	addons.xpi	INFO	Mapping e10srollout@mozilla.org to /Applications/Firefox.app/Contents/Resources/browser/features/e10srollout@mozilla.org.xpi
1537755860032	addons.xpi	INFO	Mapping {972ce4c6-7e08-4474-a285-3208198ce6fd} to /Applications/Firefox.app/Contents/Resources/browser/extensions/{972ce4c6-7e08-4474-a285-3208198ce6fd}.xpi
1537755860033	addons.xpi	DEBUG	checkForChanges
1537755860033	addons.xpi	INFO	SystemAddonInstallLocation directory is missing
1537755860033	addons.xpi	DEBUG	Loaded add-on state from prefs: {}
1537755860034	addons.xpi	DEBUG	New add-on webcompat@mozilla.org in app-system-defaults
1537755860035	addons.xpi	DEBUG	getModTime: Recursive scan of webcompat@mozilla.org
1537755860035	addons.xpi	DEBUG	New add-on firefox@getpocket.com in app-system-defaults
1537755860036	addons.xpi	DEBUG	getModTime: Recursive scan of firefox@getpocket.com
1537755860036	addons.xpi	DEBUG	New add-on aushelper@mozilla.org in app-system-defaults
1537755860036	addons.xpi	DEBUG	getModTime: Recursive scan of aushelper@mozilla.org
1537755860037	addons.xpi	DEBUG	New add-on deployment-checker@mozilla.org in app-system-defaults
1537755860037	addons.xpi	DEBUG	getModTime: Recursive scan of deployment-checker@mozilla.org
1537755860037	addons.xpi	DEBUG	New add-on e10srollout@mozilla.org in app-system-defaults
1537755860038	addons.xpi	DEBUG	getModTime: Recursive scan of e10srollout@mozilla.org
1537755860038	addons.xpi	DEBUG	New add-on {972ce4c6-7e08-4474-a285-3208198ce6fd} in app-global
1537755860038	addons.xpi	DEBUG	getModTime: Recursive scan of {972ce4c6-7e08-4474-a285-3208198ce6fd}
1537755860038	addons.xpi	DEBUG	getInstallState changed: true, state: {"app-system-defaults":{"webcompat@mozilla.org":{"d":"/Applications/Firefox.app/Contents/Resources/browser/features/webcompat@mozilla.org.xpi","st":1492342407000},"firefox@getpocket.com":{"d":"/Applications/Firefox.app/Contents/Resources/browser/features/firefox@getpocket.com.xpi","st":1492342407000},"aushelper@mozilla.org":{"d":"/Applications/Firefox.app/Contents/Resources/browser/features/aushelper@mozilla.org.xpi","st":1492342407000},"deployment-checker@mozilla.org":{"d":"/Applications/Firefox.app/Contents/Resources/browser/features/deployment-checker@mozilla.org.xpi","st":1492342407000},"e10srollout@mozilla.org":{"d":"/Applications/Firefox.app/Contents/Resources/browser/features/e10srollout@mozilla.org.xpi","st":1492342407000}},"app-global":{"{972ce4c6-7e08-4474-a285-3208198ce6fd}":{"d":"/Applications/Firefox.app/Contents/Resources/browser/extensions/{972ce4c6-7e08-4474-a285-3208198ce6fd}.xpi","st":1492342407000}}}
1537755860045	addons.xpi-utils	DEBUG	Opening XPI database /var/folders/hx/m1lfncy532xblb05m2zj5ywh0000gn/T/rust_mozprofile.t8c4Z6IQ2XdN/extensions.json
1537755860046	addons.xpi-utils	DEBUG	New add-on webcompat@mozilla.org installed in app-system-defaults
*** Blocklist::_loadBlocklistFromFile: blocklist is disabled
1537755860055	DeferredSave.extensions.json	DEBUG	Save changes
1537755860055	addons.xpi-utils	DEBUG	New add-on firefox@getpocket.com installed in app-system-defaults
1537755860057	DeferredSave.extensions.json	DEBUG	Starting timer
1537755860060	DeferredSave.extensions.json	DEBUG	Save changes
1537755860060	addons.xpi-utils	DEBUG	New add-on aushelper@mozilla.org installed in app-system-defaults
1537755860064	DeferredSave.extensions.json	DEBUG	Save changes
1537755860064	addons.xpi-utils	DEBUG	New add-on deployment-checker@mozilla.org installed in app-system-defaults
1537755860067	DeferredSave.extensions.json	DEBUG	Save changes
1537755860068	addons.xpi-utils	DEBUG	New add-on e10srollout@mozilla.org installed in app-system-defaults
1537755860071	DeferredSave.extensions.json	DEBUG	Save changes
1537755860072	addons.xpi-utils	DEBUG	New add-on {972ce4c6-7e08-4474-a285-3208198ce6fd} installed in app-global
1537755860075	DeferredSave.extensions.json	DEBUG	Save changes
1537755860076	addons.manager	DEBUG	Registering startup change 'installed' for webcompat@mozilla.org
1537755860087	addons.xpi	DEBUG	Loading bootstrap scope from /Applications/Firefox.app/Contents/Resources/browser/features/webcompat@mozilla.org.xpi
1537755860091	addons.xpi	DEBUG	Calling bootstrap method install on webcompat@mozilla.org version 1.0
1537755860091	addons.xpi-utils	DEBUG	Make addon app-system-defaults:webcompat@mozilla.org visible
1537755860092	DeferredSave.extensions.json	DEBUG	Save changes
1537755860092	addons.manager	DEBUG	Registering startup change 'installed' for firefox@getpocket.com
1537755860093	addons.xpi	DEBUG	Loading bootstrap scope from /Applications/Firefox.app/Contents/Resources/browser/features/firefox@getpocket.com.xpi
1537755860096	addons.xpi	DEBUG	Calling bootstrap method install on firefox@getpocket.com version 1.0.5
1537755860096	addons.xpi-utils	DEBUG	Make addon app-system-defaults:firefox@getpocket.com visible
1537755860096	DeferredSave.extensions.json	DEBUG	Save changes
1537755860096	addons.manager	DEBUG	Registering startup change 'installed' for aushelper@mozilla.org
1537755860097	addons.xpi	DEBUG	Loading bootstrap scope from /Applications/Firefox.app/Contents/Resources/browser/features/aushelper@mozilla.org.xpi
1537755860098	addons.xpi	DEBUG	Calling bootstrap method install on aushelper@mozilla.org version 2.0
1537755860099	addons.xpi-utils	DEBUG	Make addon app-system-defaults:aushelper@mozilla.org visible
1537755860099	DeferredSave.extensions.json	DEBUG	Save changes
1537755860099	addons.manager	DEBUG	Registering startup change 'installed' for deployment-checker@mozilla.org
1537755860099	addons.xpi	DEBUG	Loading bootstrap scope from /Applications/Firefox.app/Contents/Resources/browser/features/deployment-checker@mozilla.org.xpi
1537755860104	addons.xpi	DEBUG	Calling bootstrap method install on deployment-checker@mozilla.org version 1.0
1537755860104	addons.xpi-utils	DEBUG	Make addon app-system-defaults:deployment-checker@mozilla.org visible
1537755860104	DeferredSave.extensions.json	DEBUG	Save changes
1537755860105	addons.manager	DEBUG	Registering startup change 'installed' for e10srollout@mozilla.org
1537755860105	addons.xpi	DEBUG	Loading bootstrap scope from /Applications/Firefox.app/Contents/Resources/browser/features/e10srollout@mozilla.org.xpi
1537755860107	addons.xpi	DEBUG	Calling bootstrap method install on e10srollout@mozilla.org version 1.9
1537755860108	addons.xpi-utils	DEBUG	Make addon app-system-defaults:e10srollout@mozilla.org visible
1537755860109	DeferredSave.extensions.json	DEBUG	Save changes
1537755860109	addons.xpi-utils	DEBUG	Make addon app-global:{972ce4c6-7e08-4474-a285-3208198ce6fd} visible
1537755860109	DeferredSave.extensions.json	DEBUG	Save changes
1537755860109	addons.xpi	DEBUG	Updating XPIState for {"id":"webcompat@mozilla.org","syncGUID":"{c7e01827-9ea0-5849-9486-e23c0c7a6b68}","location":"app-system-defaults","version":"1.0","type":"extension","internalName":null,"updateURL":null,"updateKey":null,"optionsURL":null,"optionsType":null,"aboutURL":null,"icons":{},"iconURL":null,"icon64URL":null,"defaultLocale":{"name":"Web Compat","description":"Urgent post-release fixes for web compatibility.","creator":null,"homepageURL":null},"visible":true,"active":true,"userDisabled":false,"appDisabled":false,"descriptor":"/Applications/Firefox.app/Contents/Resources/browser/features/webcompat@mozilla.org.xpi","installDate":1492342407000,"updateDate":1492342407000,"applyBackgroundUpdates":1,"bootstrap":true,"skinnable":false,"size":1456,"sourceURI":null,"releaseNotesURI":null,"softDisabled":false,"foreignInstall":false,"hasBinaryComponents":false,"strictCompatibility":false,"locales":[],"targetApplications":[{"id":"{ec8030f7-c20a-464f-9b0e-13a3a9e97384}","minVersion":"52.0.2","maxVersion":"52.*"}],"targetPlatforms":[],"multiprocessCompatible":true,"seen":true,"dependencies":[],"hasEmbeddedWebExtension":false,"mpcOptedOut":false}
1537755860110	addons.xpi	DEBUG	getModTime: Recursive scan of webcompat@mozilla.org
1537755860110	addons.xpi	DEBUG	Updating XPIState for {"id":"firefox@getpocket.com","syncGUID":"{5be81067-e79e-4640-9c99-8dd730dace1b}","location":"app-system-defaults","version":"1.0.5","type":"extension","internalName":null,"updateURL":null,"updateKey":null,"optionsURL":null,"optionsType":null,"aboutURL":null,"icons":{},"iconURL":null,"icon64URL":null,"defaultLocale":{"name":"Pocket","description":"When you find something you want to view later, put it in Pocket.","creator":null,"homepageURL":null},"visible":true,"active":true,"userDisabled":false,"appDisabled":false,"descriptor":"/Applications/Firefox.app/Contents/Resources/browser/features/firefox@getpocket.com.xpi","installDate":1492342407000,"updateDate":1492342407000,"applyBackgroundUpdates":1,"bootstrap":true,"skinnable":false,"size":920281,"sourceURI":null,"releaseNotesURI":null,"softDisabled":false,"foreignInstall":false,"hasBinaryComponents":false,"strictCompatibility":false,"locales":[],"targetApplications":[{"id":"{ec8030f7-c20a-464f-9b0e-13a3a9e97384}","minVersion":"52.0.2","maxVersion":"52.*"}],"targetPlatforms":[],"multiprocessCompatible":true,"seen":true,"dependencies":[],"hasEmbeddedWebExtension":false,"mpcOptedOut":false}
1537755860110	addons.xpi	DEBUG	getModTime: Recursive scan of firefox@getpocket.com
1537755860110	addons.xpi	DEBUG	Updating XPIState for {"id":"aushelper@mozilla.org","syncGUID":"{1ef5da86-3e83-234e-af51-e22b0ee877da}","location":"app-system-defaults","version":"2.0","type":"extension","internalName":null,"updateURL":null,"updateKey":null,"optionsURL":null,"optionsType":null,"aboutURL":null,"icons":{},"iconURL":null,"icon64URL":null,"defaultLocale":{"name":"Application Update Service Helper","description":"Sets value(s) in the update url based on custom checks.","creator":null,"homepageURL":null},"visible":true,"active":true,"userDisabled":false,"appDisabled":false,"descriptor":"/Applications/Firefox.app/Contents/Resources/browser/features/aushelper@mozilla.org.xpi","installDate":1492342407000,"updateDate":1492342407000,"applyBackgroundUpdates":1,"bootstrap":true,"skinnable":false,"size":8488,"sourceURI":null,"releaseNotesURI":null,"softDisabled":false,"foreignInstall":false,"hasBinaryComponents":false,"strictCompatibility":false,"locales":[],"targetApplications":[{"id":"{ec8030f7-c20a-464f-9b0e-13a3a9e97384}","minVersion":"52.0.2","maxVersion":"52.*"}],"targetPlatforms":[],"multiprocessCompatible":true,"seen":true,"dependencies":[],"hasEmbeddedWebExtension":false,"mpcOptedOut":false}
1537755860110	addons.xpi	DEBUG	getModTime: Recursive scan of aushelper@mozilla.org
1537755860111	addons.xpi	DEBUG	Updating XPIState for {"id":"deployment-checker@mozilla.org","syncGUID":"{9fa242b5-8a33-664c-94c1-b056788c1333}","location":"app-system-defaults","version":"1.0","type":"extension","internalName":null,"updateURL":null,"updateKey":null,"optionsURL":null,"optionsType":null,"aboutURL":null,"icons":{},"iconURL":null,"icon64URL":null,"defaultLocale":{"name":"Site Deployment Checker","description":"Check that Users Encounter Mozilla Sites as Deployed by Mozilla","creator":null,"homepageURL":null},"visible":true,"active":true,"userDisabled":false,"appDisabled":false,"descriptor":"/Applications/Firefox.app/Contents/Resources/browser/features/deployment-checker@mozilla.org.xpi","installDate":1492342407000,"updateDate":1492342407000,"applyBackgroundUpdates":1,"bootstrap":true,"skinnable":false,"size":11555,"sourceURI":null,"releaseNotesURI":null,"softDisabled":false,"foreignInstall":false,"hasBinaryComponents":false,"strictCompatibility":false,"locales":[],"targetApplications":[{"id":"{ec8030f7-c20a-464f-9b0e-13a3a9e97384}","minVersion":"52.0.2","maxVersion":"52.*"}],"targetPlatforms":[],"multiprocessCompatible":true,"seen":true,"dependencies":[],"hasEmbeddedWebExtension":false,"mpcOptedOut":false}
1537755860111	addons.xpi	DEBUG	getModTime: Recursive scan of deployment-checker@mozilla.org
1537755860111	addons.xpi	DEBUG	Updating XPIState for {"id":"e10srollout@mozilla.org","syncGUID":"{9d3bc726-51f5-7d42-81c3-097e66d71046}","location":"app-system-defaults","version":"1.9","type":"extension","internalName":null,"updateURL":null,"updateKey":null,"optionsURL":null,"optionsType":null,"aboutURL":null,"icons":{},"iconURL":null,"icon64URL":null,"defaultLocale":{"name":"Multi-process staged rollout","description":"Staged rollout of Firefox multi-process feature.","creator":null,"homepageURL":null},"visible":true,"active":true,"userDisabled":false,"appDisabled":false,"descriptor":"/Applications/Firefox.app/Contents/Resources/browser/features/e10srollout@mozilla.org.xpi","installDate":1492342407000,"updateDate":1492342407000,"applyBackgroundUpdates":1,"bootstrap":true,"skinnable":false,"size":7183,"sourceURI":null,"releaseNotesURI":null,"softDisabled":false,"foreignInstall":false,"hasBinaryComponents":false,"strictCompatibility":false,"locales":[],"targetApplications":[{"id":"{ec8030f7-c20a-464f-9b0e-13a3a9e97384}","minVersion":"52.0.2","maxVersion":"52.*"}],"targetPlatforms":[],"multiprocessCompatible":true,"seen":true,"dependencies":[],"hasEmbeddedWebExtension":false,"mpcOptedOut":false}
1537755860111	addons.xpi	DEBUG	getModTime: Recursive scan of e10srollout@mozilla.org
1537755860112	addons.xpi	DEBUG	Updating XPIState for {"id":"{972ce4c6-7e08-4474-a285-3208198ce6fd}","syncGUID":"{d8a37b2d-37a7-714e-a7b5-446b63df0ac9}","location":"app-global","version":"52.0.2","type":"theme","internalName":"classic/1.0","updateURL":null,"updateKey":null,"optionsURL":null,"optionsType":null,"aboutURL":null,"icons":{"32":"icon.png","48":"icon.png"},"iconURL":null,"icon64URL":null,"defaultLocale":{"name":"Default","description":"The default theme.","creator":"Mozilla","homepageURL":null,"contributors":["Mozilla Contributors"]},"visible":true,"active":true,"userDisabled":false,"appDisabled":false,"descriptor":"/Applications/Firefox.app/Contents/Resources/browser/extensions/{972ce4c6-7e08-4474-a285-3208198ce6fd}.xpi","installDate":1492342407000,"updateDate":1492342407000,"applyBackgroundUpdates":1,"skinnable":true,"size":6352,"sourceURI":null,"releaseNotesURI":null,"softDisabled":false,"foreignInstall":false,"hasBinaryComponents":false,"strictCompatibility":true,"locales":[],"targetApplications":[{"id":"{ec8030f7-c20a-464f-9b0e-13a3a9e97384}","minVersion":"52.0.2","maxVersion":"52.0.2"}],"targetPlatforms":[],"seen":true,"dependencies":[],"hasEmbeddedWebExtension":false}
1537755860112	addons.xpi	DEBUG	getModTime: Recursive scan of {972ce4c6-7e08-4474-a285-3208198ce6fd}
1537755860113	DeferredSave.extensions.json	DEBUG	Save changes
1537755860113	addons.xpi	DEBUG	Updating database with changes to installed add-ons
1537755860113	addons.xpi-utils	DEBUG	Updating add-on states
1537755860113	addons.xpi-utils	DEBUG	Writing add-ons list
1537755860115	addons.xpi	DEBUG	Registering manifest for /Applications/Firefox.app/Contents/Resources/browser/features/aushelper@mozilla.org.xpi
1537755860115	addons.xpi	DEBUG	Calling bootstrap method startup on aushelper@mozilla.org version 2.0
1537755860116	addons.xpi	DEBUG	Registering manifest for /Applications/Firefox.app/Contents/Resources/browser/features/deployment-checker@mozilla.org.xpi
1537755860116	addons.xpi	DEBUG	Calling bootstrap method startup on deployment-checker@mozilla.org version 1.0
1537755860117	addons.xpi	DEBUG	Registering manifest for /Applications/Firefox.app/Contents/Resources/browser/features/e10srollout@mozilla.org.xpi
1537755860117	addons.xpi	DEBUG	Calling bootstrap method startup on e10srollout@mozilla.org version 1.9
1537755860118	addons.xpi	DEBUG	Registering manifest for /Applications/Firefox.app/Contents/Resources/browser/features/firefox@getpocket.com.xpi
1537755860118	addons.xpi	DEBUG	Calling bootstrap method startup on firefox@getpocket.com version 1.0.5
1537755860119	addons.xpi	DEBUG	Registering manifest for /Applications/Firefox.app/Contents/Resources/browser/features/webcompat@mozilla.org.xpi
1537755860119	addons.xpi	DEBUG	Calling bootstrap method startup on webcompat@mozilla.org version 1.0
1537755860121	addons.manager	DEBUG	Registering shutdown blocker for XPIProvider
1537755860121	addons.manager	DEBUG	Provider finished startup: XPIProvider
1537755860122	addons.manager	DEBUG	Starting provider: LightweightThemeManager
1537755860122	addons.manager	DEBUG	Registering shutdown blocker for LightweightThemeManager
1537755860123	addons.manager	DEBUG	Provider finished startup: LightweightThemeManager
1537755860123	addons.manager	DEBUG	Starting provider: GMPProvider
1537755860130	addons.manager	DEBUG	Registering shutdown blocker for GMPProvider
1537755860130	addons.manager	DEBUG	Provider finished startup: GMPProvider
1537755860130	addons.manager	DEBUG	Starting provider: PluginProvider
1537755860131	addons.manager	DEBUG	Registering shutdown blocker for PluginProvider
1537755860132	addons.manager	DEBUG	Provider finished startup: PluginProvider
1537755860132	addons.manager	DEBUG	Completed startup sequence
1537755860489	Marionette	INFO	Listening on port 2828
1537755860530	addons.manager	DEBUG	Starting provider: <unnamed-provider>
1537755860530	addons.manager	DEBUG	Registering shutdown blocker for <unnamed-provider>
1537755860531	addons.manager	DEBUG	Provider finished startup: <unnamed-provider>
1537755860555	addons.manager	DEBUG	Starting provider: PreviousExperimentProvider
1537755860555	addons.manager	DEBUG	Registering shutdown blocker for PreviousExperimentProvider
1537755860555	addons.manager	DEBUG	Provider finished startup: PreviousExperimentProvider
1537755860560	DeferredSave.extensions.json	DEBUG	Starting write
1537755860667	DeferredSave.extensions.json	DEBUG	Write succeeded
1537755860668	addons.xpi-utils	DEBUG	XPI Database saved, setting schema version preference to 19
2018-09-24 09:24:21.747 plugin-container[1599:25430] *** CFMessagePort: bootstrap_register(): failed 1100 (0x44c) 'Permission denied', port = 0x733b, name = 'com.apple.tsm.portname'
See /usr/include/servers/bootstrap_defs.h for the error codes.
1537755910309	geckodriver	INFO	geckodriver 0.19.1
1537755910375	geckodriver	INFO	Listening on 127.0.0.1:51221
1537755912420	mozrunner::runner	INFO	Running command: "/Applications/Firefox.app/Contents/MacOS/firefox-bin" "-marionette" "-profile" "/var/folders/hx/m1lfncy532xblb05m2zj5ywh0000gn/T/rust_mozprofile.FDMwIEFZmP3W"
1537755912640	addons.manager	DEBUG	Application has been upgraded
1537755912676	addons.manager	DEBUG	Loaded provider scope for resource://gre/modules/addons/XPIProvider.jsm: ["XPIProvider"]
1537755912679	addons.manager	DEBUG	Loaded provider scope for resource://gre/modules/LightweightThemeManager.jsm: ["LightweightThemeManager"]
1537755912684	addons.manager	DEBUG	Loaded provider scope for resource://gre/modules/addons/GMPProvider.jsm
1537755912686	addons.manager	DEBUG	Loaded provider scope for resource://gre/modules/addons/PluginProvider.jsm
1537755912687	addons.manager	DEBUG	Starting provider: XPIProvider
1537755912687	addons.xpi	DEBUG	startup
1537755912687	addons.xpi	INFO	SystemAddonInstallLocation directory is missing
1537755912688	addons.xpi	INFO	Mapping webcompat@mozilla.org to /Applications/Firefox.app/Contents/Resources/browser/features/webcompat@mozilla.org.xpi
1537755912689	addons.xpi	INFO	Mapping firefox@getpocket.com to /Applications/Firefox.app/Contents/Resources/browser/features/firefox@getpocket.com.xpi
1537755912689	addons.xpi	INFO	Mapping aushelper@mozilla.org to /Applications/Firefox.app/Contents/Resources/browser/features/aushelper@mozilla.org.xpi
1537755912689	addons.xpi	INFO	Mapping deployment-checker@mozilla.org to /Applications/Firefox.app/Contents/Resources/browser/features/deployment-checker@mozilla.org.xpi
1537755912690	addons.xpi	INFO	Mapping e10srollout@mozilla.org to /Applications/Firefox.app/Contents/Resources/browser/features/e10srollout@mozilla.org.xpi
1537755912690	addons.xpi	INFO	Mapping {972ce4c6-7e08-4474-a285-3208198ce6fd} to /Applications/Firefox.app/Contents/Resources/browser/extensions/{972ce4c6-7e08-4474-a285-3208198ce6fd}.xpi
1537755912691	addons.xpi	DEBUG	checkForChanges
1537755912691	addons.xpi	INFO	SystemAddonInstallLocation directory is missing
1537755912691	addons.xpi	DEBUG	Loaded add-on state from prefs: {}
1537755912692	addons.xpi	DEBUG	New add-on webcompat@mozilla.org in app-system-defaults
1537755912693	addons.xpi	DEBUG	getModTime: Recursive scan of webcompat@mozilla.org
1537755912693	addons.xpi	DEBUG	New add-on firefox@getpocket.com in app-system-defaults
1537755912693	addons.xpi	DEBUG	getModTime: Recursive scan of firefox@getpocket.com
1537755912694	addons.xpi	DEBUG	New add-on aushelper@mozilla.org in app-system-defaults
1537755912694	addons.xpi	DEBUG	getModTime: Recursive scan of aushelper@mozilla.org
1537755912695	addons.xpi	DEBUG	New add-on deployment-checker@mozilla.org in app-system-defaults
1537755912695	addons.xpi	DEBUG	getModTime: Recursive scan of deployment-checker@mozilla.org
1537755912695	addons.xpi	DEBUG	New add-on e10srollout@mozilla.org in app-system-defaults
1537755912696	addons.xpi	DEBUG	getModTime: Recursive scan of e10srollout@mozilla.org
1537755912696	addons.xpi	DEBUG	New add-on {972ce4c6-7e08-4474-a285-3208198ce6fd} in app-global
1537755912696	addons.xpi	DEBUG	getModTime: Recursive scan of {972ce4c6-7e08-4474-a285-3208198ce6fd}
1537755912696	addons.xpi	DEBUG	getInstallState changed: true, state: {"app-system-defaults":{"webcompat@mozilla.org":{"d":"/Applications/Firefox.app/Contents/Resources/browser/features/webcompat@mozilla.org.xpi","st":1492342407000},"firefox@getpocket.com":{"d":"/Applications/Firefox.app/Contents/Resources/browser/features/firefox@getpocket.com.xpi","st":1492342407000},"aushelper@mozilla.org":{"d":"/Applications/Firefox.app/Contents/Resources/browser/features/aushelper@mozilla.org.xpi","st":1492342407000},"deployment-checker@mozilla.org":{"d":"/Applications/Firefox.app/Contents/Resources/browser/features/deployment-checker@mozilla.org.xpi","st":1492342407000},"e10srollout@mozilla.org":{"d":"/Applications/Firefox.app/Contents/Resources/browser/features/e10srollout@mozilla.org.xpi","st":1492342407000}},"app-global":{"{972ce4c6-7e08-4474-a285-3208198ce6fd}":{"d":"/Applications/Firefox.app/Contents/Resources/browser/extensions/{972ce4c6-7e08-4474-a285-3208198ce6fd}.xpi","st":1492342407000}}}
1537755912703	addons.xpi-utils	DEBUG	Opening XPI database /var/folders/hx/m1lfncy532xblb05m2zj5ywh0000gn/T/rust_mozprofile.FDMwIEFZmP3W/extensions.json
1537755912704	addons.xpi-utils	DEBUG	New add-on webcompat@mozilla.org installed in app-system-defaults
*** Blocklist::_loadBlocklistFromFile: blocklist is disabled
1537755912713	DeferredSave.extensions.json	DEBUG	Save changes
1537755912714	addons.xpi-utils	DEBUG	New add-on firefox@getpocket.com installed in app-system-defaults
1537755912716	DeferredSave.extensions.json	DEBUG	Starting timer
1537755912718	DeferredSave.extensions.json	DEBUG	Save changes
1537755912719	addons.xpi-utils	DEBUG	New add-on aushelper@mozilla.org installed in app-system-defaults
1537755912723	DeferredSave.extensions.json	DEBUG	Save changes
1537755912723	addons.xpi-utils	DEBUG	New add-on deployment-checker@mozilla.org installed in app-system-defaults
1537755912727	DeferredSave.extensions.json	DEBUG	Save changes
1537755912727	addons.xpi-utils	DEBUG	New add-on e10srollout@mozilla.org installed in app-system-defaults
1537755912731	DeferredSave.extensions.json	DEBUG	Save changes
1537755912731	addons.xpi-utils	DEBUG	New add-on {972ce4c6-7e08-4474-a285-3208198ce6fd} installed in app-global
1537755912735	DeferredSave.extensions.json	DEBUG	Save changes
1537755912736	addons.manager	DEBUG	Registering startup change 'installed' for webcompat@mozilla.org
1537755912748	addons.xpi	DEBUG	Loading bootstrap scope from /Applications/Firefox.app/Contents/Resources/browser/features/webcompat@mozilla.org.xpi
1537755912752	addons.xpi	DEBUG	Calling bootstrap method install on webcompat@mozilla.org version 1.0
1537755912752	addons.xpi-utils	DEBUG	Make addon app-system-defaults:webcompat@mozilla.org visible
1537755912752	DeferredSave.extensions.json	DEBUG	Save changes
1537755912753	addons.manager	DEBUG	Registering startup change 'installed' for firefox@getpocket.com
1537755912754	addons.xpi	DEBUG	Loading bootstrap scope from /Applications/Firefox.app/Contents/Resources/browser/features/firefox@getpocket.com.xpi
1537755912756	addons.xpi	DEBUG	Calling bootstrap method install on firefox@getpocket.com version 1.0.5
1537755912757	addons.xpi-utils	DEBUG	Make addon app-system-defaults:firefox@getpocket.com visible
1537755912757	DeferredSave.extensions.json	DEBUG	Save changes
1537755912757	addons.manager	DEBUG	Registering startup change 'installed' for aushelper@mozilla.org
1537755912758	addons.xpi	DEBUG	Loading bootstrap scope from /Applications/Firefox.app/Contents/Resources/browser/features/aushelper@mozilla.org.xpi
1537755912759	addons.xpi	DEBUG	Calling bootstrap method install on aushelper@mozilla.org version 2.0
1537755912760	addons.xpi-utils	DEBUG	Make addon app-system-defaults:aushelper@mozilla.org visible
1537755912760	DeferredSave.extensions.json	DEBUG	Save changes
1537755912760	addons.manager	DEBUG	Registering startup change 'installed' for deployment-checker@mozilla.org
1537755912760	addons.xpi	DEBUG	Loading bootstrap scope from /Applications/Firefox.app/Contents/Resources/browser/features/deployment-checker@mozilla.org.xpi
1537755912765	addons.xpi	DEBUG	Calling bootstrap method install on deployment-checker@mozilla.org version 1.0
1537755912765	addons.xpi-utils	DEBUG	Make addon app-system-defaults:deployment-checker@mozilla.org visible
1537755912765	DeferredSave.extensions.json	DEBUG	Save changes
1537755912766	addons.manager	DEBUG	Registering startup change 'installed' for e10srollout@mozilla.org
1537755912766	addons.xpi	DEBUG	Loading bootstrap scope from /Applications/Firefox.app/Contents/Resources/browser/features/e10srollout@mozilla.org.xpi
1537755912768	addons.xpi	DEBUG	Calling bootstrap method install on e10srollout@mozilla.org version 1.9
1537755912769	addons.xpi-utils	DEBUG	Make addon app-system-defaults:e10srollout@mozilla.org visible
1537755912770	DeferredSave.extensions.json	DEBUG	Save changes
1537755912770	addons.xpi-utils	DEBUG	Make addon app-global:{972ce4c6-7e08-4474-a285-3208198ce6fd} visible
1537755912770	DeferredSave.extensions.json	DEBUG	Save changes
1537755912771	addons.xpi	DEBUG	Updating XPIState for {"id":"webcompat@mozilla.org","syncGUID":"{fb2df3e7-c42f-b748-a199-bd2ac9993e0e}","location":"app-system-defaults","version":"1.0","type":"extension","internalName":null,"updateURL":null,"updateKey":null,"optionsURL":null,"optionsType":null,"aboutURL":null,"icons":{},"iconURL":null,"icon64URL":null,"defaultLocale":{"name":"Web Compat","description":"Urgent post-release fixes for web compatibility.","creator":null,"homepageURL":null},"visible":true,"active":true,"userDisabled":false,"appDisabled":false,"descriptor":"/Applications/Firefox.app/Contents/Resources/browser/features/webcompat@mozilla.org.xpi","installDate":1492342407000,"updateDate":1492342407000,"applyBackgroundUpdates":1,"bootstrap":true,"skinnable":false,"size":1456,"sourceURI":null,"releaseNotesURI":null,"softDisabled":false,"foreignInstall":false,"hasBinaryComponents":false,"strictCompatibility":false,"locales":[],"targetApplications":[{"id":"{ec8030f7-c20a-464f-9b0e-13a3a9e97384}","minVersion":"52.0.2","maxVersion":"52.*"}],"targetPlatforms":[],"multiprocessCompatible":true,"seen":true,"dependencies":[],"hasEmbeddedWebExtension":false,"mpcOptedOut":false}
1537755912771	addons.xpi	DEBUG	getModTime: Recursive scan of webcompat@mozilla.org
1537755912771	addons.xpi	DEBUG	Updating XPIState for {"id":"firefox@getpocket.com","syncGUID":"{f489f092-0971-d646-8e2e-411a2a069290}","location":"app-system-defaults","version":"1.0.5","type":"extension","internalName":null,"updateURL":null,"updateKey":null,"optionsURL":null,"optionsType":null,"aboutURL":null,"icons":{},"iconURL":null,"icon64URL":null,"defaultLocale":{"name":"Pocket","description":"When you find something you want to view later, put it in Pocket.","creator":null,"homepageURL":null},"visible":true,"active":true,"userDisabled":false,"appDisabled":false,"descriptor":"/Applications/Firefox.app/Contents/Resources/browser/features/firefox@getpocket.com.xpi","installDate":1492342407000,"updateDate":1492342407000,"applyBackgroundUpdates":1,"bootstrap":true,"skinnable":false,"size":920281,"sourceURI":null,"releaseNotesURI":null,"softDisabled":false,"foreignInstall":false,"hasBinaryComponents":false,"strictCompatibility":false,"locales":[],"targetApplications":[{"id":"{ec8030f7-c20a-464f-9b0e-13a3a9e97384}","minVersion":"52.0.2","maxVersion":"52.*"}],"targetPlatforms":[],"multiprocessCompatible":true,"seen":true,"dependencies":[],"hasEmbeddedWebExtension":false,"mpcOptedOut":false}
1537755912771	addons.xpi	DEBUG	getModTime: Recursive scan of firefox@getpocket.com
1537755912772	addons.xpi	DEBUG	Updating XPIState for {"id":"aushelper@mozilla.org","syncGUID":"{909364a5-d3b3-c14d-ad8c-7dc32975fad7}","location":"app-system-defaults","version":"2.0","type":"extension","internalName":null,"updateURL":null,"updateKey":null,"optionsURL":null,"optionsType":null,"aboutURL":null,"icons":{},"iconURL":null,"icon64URL":null,"defaultLocale":{"name":"Application Update Service Helper","description":"Sets value(s) in the update url based on custom checks.","creator":null,"homepageURL":null},"visible":true,"active":true,"userDisabled":false,"appDisabled":false,"descriptor":"/Applications/Firefox.app/Contents/Resources/browser/features/aushelper@mozilla.org.xpi","installDate":1492342407000,"updateDate":1492342407000,"applyBackgroundUpdates":1,"bootstrap":true,"skinnable":false,"size":8488,"sourceURI":null,"releaseNotesURI":null,"softDisabled":false,"foreignInstall":false,"hasBinaryComponents":false,"strictCompatibility":false,"locales":[],"targetApplications":[{"id":"{ec8030f7-c20a-464f-9b0e-13a3a9e97384}","minVersion":"52.0.2","maxVersion":"52.*"}],"targetPlatforms":[],"multiprocessCompatible":true,"seen":true,"dependencies":[],"hasEmbeddedWebExtension":false,"mpcOptedOut":false}
1537755912772	addons.xpi	DEBUG	getModTime: Recursive scan of aushelper@mozilla.org
1537755912772	addons.xpi	DEBUG	Updating XPIState for {"id":"deployment-checker@mozilla.org","syncGUID":"{3b610794-c2e8-3344-8e28-74521df24b60}","location":"app-system-defaults","version":"1.0","type":"extension","internalName":null,"updateURL":null,"updateKey":null,"optionsURL":null,"optionsType":null,"aboutURL":null,"icons":{},"iconURL":null,"icon64URL":null,"defaultLocale":{"name":"Site Deployment Checker","description":"Check that Users Encounter Mozilla Sites as Deployed by Mozilla","creator":null,"homepageURL":null},"visible":true,"active":true,"userDisabled":false,"appDisabled":false,"descriptor":"/Applications/Firefox.app/Contents/Resources/browser/features/deployment-checker@mozilla.org.xpi","installDate":1492342407000,"updateDate":1492342407000,"applyBackgroundUpdates":1,"bootstrap":true,"skinnable":false,"size":11555,"sourceURI":null,"releaseNotesURI":null,"softDisabled":false,"foreignInstall":false,"hasBinaryComponents":false,"strictCompatibility":false,"locales":[],"targetApplications":[{"id":"{ec8030f7-c20a-464f-9b0e-13a3a9e97384}","minVersion":"52.0.2","maxVersion":"52.*"}],"targetPlatforms":[],"multiprocessCompatible":true,"seen":true,"dependencies":[],"hasEmbeddedWebExtension":false,"mpcOptedOut":false}
1537755912772	addons.xpi	DEBUG	getModTime: Recursive scan of deployment-checker@mozilla.org
1537755912773	addons.xpi	DEBUG	Updating XPIState for {"id":"e10srollout@mozilla.org","syncGUID":"{b1f75431-c0bf-4447-ba25-025cde615ce2}","location":"app-system-defaults","version":"1.9","type":"extension","internalName":null,"updateURL":null,"updateKey":null,"optionsURL":null,"optionsType":null,"aboutURL":null,"icons":{},"iconURL":null,"icon64URL":null,"defaultLocale":{"name":"Multi-process staged rollout","description":"Staged rollout of Firefox multi-process feature.","creator":null,"homepageURL":null},"visible":true,"active":true,"userDisabled":false,"appDisabled":false,"descriptor":"/Applications/Firefox.app/Contents/Resources/browser/features/e10srollout@mozilla.org.xpi","installDate":1492342407000,"updateDate":1492342407000,"applyBackgroundUpdates":1,"bootstrap":true,"skinnable":false,"size":7183,"sourceURI":null,"releaseNotesURI":null,"softDisabled":false,"foreignInstall":false,"hasBinaryComponents":false,"strictCompatibility":false,"locales":[],"targetApplications":[{"id":"{ec8030f7-c20a-464f-9b0e-13a3a9e97384}","minVersion":"52.0.2","maxVersion":"52.*"}],"targetPlatforms":[],"multiprocessCompatible":true,"seen":true,"dependencies":[],"hasEmbeddedWebExtension":false,"mpcOptedOut":false}
1537755912773	addons.xpi	DEBUG	getModTime: Recursive scan of e10srollout@mozilla.org
1537755912773	addons.xpi	DEBUG	Updating XPIState for {"id":"{972ce4c6-7e08-4474-a285-3208198ce6fd}","syncGUID":"{bb5e198e-0030-8243-b6aa-13334704983a}","location":"app-global","version":"52.0.2","type":"theme","internalName":"classic/1.0","updateURL":null,"updateKey":null,"optionsURL":null,"optionsType":null,"aboutURL":null,"icons":{"32":"icon.png","48":"icon.png"},"iconURL":null,"icon64URL":null,"defaultLocale":{"name":"Default","description":"The default theme.","creator":"Mozilla","homepageURL":null,"contributors":["Mozilla Contributors"]},"visible":true,"active":true,"userDisabled":false,"appDisabled":false,"descriptor":"/Applications/Firefox.app/Contents/Resources/browser/extensions/{972ce4c6-7e08-4474-a285-3208198ce6fd}.xpi","installDate":1492342407000,"updateDate":1492342407000,"applyBackgroundUpdates":1,"skinnable":true,"size":6352,"sourceURI":null,"releaseNotesURI":null,"softDisabled":false,"foreignInstall":false,"hasBinaryComponents":false,"strictCompatibility":true,"locales":[],"targetApplications":[{"id":"{ec8030f7-c20a-464f-9b0e-13a3a9e97384}","minVersion":"52.0.2","maxVersion":"52.0.2"}],"targetPlatforms":[],"seen":true,"dependencies":[],"hasEmbeddedWebExtension":false}
1537755912773	addons.xpi	DEBUG	getModTime: Recursive scan of {972ce4c6-7e08-4474-a285-3208198ce6fd}
1537755912774	DeferredSave.extensions.json	DEBUG	Save changes
1537755912774	addons.xpi	DEBUG	Updating database with changes to installed add-ons
1537755912774	addons.xpi-utils	DEBUG	Updating add-on states
1537755912775	addons.xpi-utils	DEBUG	Writing add-ons list
1537755912776	addons.xpi	DEBUG	Registering manifest for /Applications/Firefox.app/Contents/Resources/browser/features/aushelper@mozilla.org.xpi
1537755912777	addons.xpi	DEBUG	Calling bootstrap method startup on aushelper@mozilla.org version 2.0
1537755912777	addons.xpi	DEBUG	Registering manifest for /Applications/Firefox.app/Contents/Resources/browser/features/deployment-checker@mozilla.org.xpi
1537755912778	addons.xpi	DEBUG	Calling bootstrap method startup on deployment-checker@mozilla.org version 1.0
1537755912779	addons.xpi	DEBUG	Registering manifest for /Applications/Firefox.app/Contents/Resources/browser/features/e10srollout@mozilla.org.xpi
1537755912779	addons.xpi	DEBUG	Calling bootstrap method startup on e10srollout@mozilla.org version 1.9
1537755912779	addons.xpi	DEBUG	Registering manifest for /Applications/Firefox.app/Contents/Resources/browser/features/firefox@getpocket.com.xpi
1537755912779	addons.xpi	DEBUG	Calling bootstrap method startup on firefox@getpocket.com version 1.0.5
1537755912780	addons.xpi	DEBUG	Registering manifest for /Applications/Firefox.app/Contents/Resources/browser/features/webcompat@mozilla.org.xpi
1537755912780	addons.xpi	DEBUG	Calling bootstrap method startup on webcompat@mozilla.org version 1.0
1537755912783	addons.manager	DEBUG	Registering shutdown blocker for XPIProvider
1537755912783	addons.manager	DEBUG	Provider finished startup: XPIProvider
1537755912784	addons.manager	DEBUG	Starting provider: LightweightThemeManager
1537755912784	addons.manager	DEBUG	Registering shutdown blocker for LightweightThemeManager
1537755912784	addons.manager	DEBUG	Provider finished startup: LightweightThemeManager
1537755912785	addons.manager	DEBUG	Starting provider: GMPProvider
1537755912791	addons.manager	DEBUG	Registering shutdown blocker for GMPProvider
1537755912791	addons.manager	DEBUG	Provider finished startup: GMPProvider
1537755912791	addons.manager	DEBUG	Starting provider: PluginProvider
1537755912792	addons.manager	DEBUG	Registering shutdown blocker for PluginProvider
1537755912792	addons.manager	DEBUG	Provider finished startup: PluginProvider
1537755912793	addons.manager	DEBUG	Completed startup sequence
1537755913151	Marionette	ERROR	Error on starting server: [Exception... "Component returned failure code: 0x804b0036 (NS_ERROR_SOCKET_ADDRESS_IN_USE) [nsIServerSocket.initSpecialConnection]"  nsresult: "0x804b0036 (NS_ERROR_SOCKET_ADDRESS_IN_USE)"  location: "JS frame :: chrome://marionette/content/server.js :: MarionetteServer.prototype.start :: line 95"  data: no]
[Exception... "Component returned failure code: 0x804b0036 (NS_ERROR_SOCKET_ADDRESS_IN_USE) [nsIServerSocket.initSpecialConnection]"  nsresult: "0x804b0036 (NS_ERROR_SOCKET_ADDRESS_IN_USE)"  location: "JS frame :: chrome://marionette/content/server.js :: MarionetteServer.prototype.start :: line 95"  data: no]
MarionetteServer.prototype.start@chrome://marionette/content/server.js:95:19
MarionetteComponent.prototype.init@jar:file:///Applications/Firefox.app/Contents/Resources/omni.ja!/components/marionette.js:217:5
MarionetteComponent.prototype.handle@jar:file:///Applications/Firefox.app/Contents/Resources/omni.ja!/components/marionette.js:112:5

1537755913193	addons.manager	DEBUG	Starting provider: <unnamed-provider>
1537755913194	addons.manager	DEBUG	Registering shutdown blocker for <unnamed-provider>
1537755913194	addons.manager	DEBUG	Provider finished startup: <unnamed-provider>
1537755913217	addons.manager	DEBUG	Starting provider: PreviousExperimentProvider
1537755913218	addons.manager	DEBUG	Registering shutdown blocker for PreviousExperimentProvider
1537755913218	addons.manager	DEBUG	Provider finished startup: PreviousExperimentProvider
1537755913221	DeferredSave.extensions.json	DEBUG	Starting write
1537755913325	DeferredSave.extensions.json	DEBUG	Write succeeded
1537755913326	addons.xpi-utils	DEBUG	XPI Database saved, setting schema version preference to 19
2018-09-24 09:25:14.414 plugin-container[1615:25976] *** CFMessagePort: bootstrap_register(): failed 1100 (0x44c) 'Permission denied', port = 0x7f3b, name = 'com.apple.tsm.portname'
See /usr/include/servers/bootstrap_defs.h for the error codes.
1537755974371	addons.productaddons	INFO	sending request to: https://aus5.mozilla.org/update/3/GMP/52.0.2/20170323105023/Darwin_x86_64-gcc3-u-i386-x86_64/en-US/release/Darwin%2017.5.0/default/default/update.xml
1537755975146	addons.productaddons	INFO	Completed downloading document
1537755975721	addons.productaddons	INFO	downloadXHR File download. status=200
1537755975725	addons.productaddons	INFO	Downloaded file will be saved to /private/var/folders/hx/m1lfncy532xblb05m2zj5ywh0000gn/T/TemporaryItems/tmpaddon
1537755979304	addons.productaddons	INFO	downloadXHR File download. status=200
1537755979309	addons.productaddons	INFO	Downloaded file will be saved to /private/var/folders/hx/m1lfncy532xblb05m2zj5ywh0000gn/T/TemporaryItems/tmpaddon
1537755999718	addons.xpi	DEBUG	Calling bootstrap method shutdown on webcompat@mozilla.org version 1.0
1537755999718	addons.xpi	DEBUG	Calling bootstrap method shutdown on firefox@getpocket.com version 1.0.5
1537755999718	addons.xpi	DEBUG	Calling bootstrap method shutdown on e10srollout@mozilla.org version 1.9
1537755999719	addons.xpi	DEBUG	Calling bootstrap method shutdown on deployment-checker@mozilla.org version 1.0
1537755999719	addons.xpi	DEBUG	Calling bootstrap method shutdown on aushelper@mozilla.org version 2.0
1537755999927	addons.manager	DEBUG	shutdown
1537755999927	addons.manager	DEBUG	Calling shutdown blocker for XPIProvider
1537755999927	addons.xpi	DEBUG	shutdown
1537755999928	addons.xpi-utils	DEBUG	shutdown
1537755999928	addons.manager	DEBUG	Calling shutdown blocker for LightweightThemeManager
1537755999929	addons.manager	DEBUG	Calling shutdown blocker for GMPProvider
1537755999931	addons.manager	DEBUG	Calling shutdown blocker for PluginProvider
1537755999931	addons.manager	DEBUG	Calling shutdown blocker for <unnamed-provider>
1537755999933	addons.manager	DEBUG	Calling shutdown blocker for PreviousExperimentProvider
1537755999935	addons.xpi	DEBUG	Notifying XPI shutdown observers
1537755999938	addons.manager	DEBUG	Async provider shutdown done
